<?xml version="1.0" encoding="UTF-8"?>
<!-- Generated by org.testng.reporters.JUnitXMLReporter -->
<testsuite ignored="0" hostname="CELSYSNCROOO117" failures="0" tests="4" name="Test" time="35.195" errors="0" timestamp="2024-10-07T16:47:35 IST">
  <testcase classname="docker.ChromeTest2" name="test" time="6.162"/>
  <testcase classname="docker.FirefoxTest4" name="test" time="8.799"/>
  <testcase classname="docker.ChromeTest3" name="test" time="10.563"/>
  <testcase classname="docker.ChromeTest1" name="test" time="14.913"/>
</testsuite> <!-- Test -->
