<?xml version="1.0" encoding="UTF-8"?>
<!-- Generated by org.testng.reporters.JUnitXMLReporter -->
<testsuite ignored="0" hostname="CELSYSNCROOO117" failures="0" tests="4" name="Test" time="15.194" errors="0" timestamp="2024-10-07T12:24:35 IST">
  <testcase classname="docker.ChromeTest2" name="test" time="6.34"/>
  <testcase classname="docker.FirefoxTest4" name="test" time="9.829"/>
  <testcase classname="docker.ChromeTest1" name="test" time="11.324"/>
  <testcase classname="docker.ChromeTest3" name="test" time="15.138"/>
</testsuite> <!-- Test -->
