<?xml version="1.0" encoding="UTF-8"?>
<testng-results ignored="0" total="2" passed="2" failed="0" skipped="0">
  <reporter-output>
  </reporter-output>
  <suite started-at="2024-10-08T08:48:02 IST" name="Suite" finished-at="2024-10-08T08:48:31 IST" duration-ms="28819">
    <groups>
    </groups>
    <test started-at="2024-10-08T08:48:02 IST" name="Test" finished-at="2024-10-08T08:48:31 IST" duration-ms="28819">
      <class name="docker.ChromeTest1">
        <test-method signature="test()[pri:0, instance:docker.ChromeTest1@20deea7f]" started-at="2024-10-08T08:48:17 IST" name="test" finished-at="2024-10-08T08:48:23 IST" duration-ms="5633" status="PASS">
          <reporter-output>
          </reporter-output>
        </test-method> <!-- test -->
      </class> <!-- docker.ChromeTest1 -->
      <class name="docker.Setup_DockerGrid">
        <test-method is-config="true" signature="startDockerGrid()[pri:0, instance:docker.Setup_DockerGrid@3d51f06e]" started-at="2024-10-08T08:48:02 IST" name="startDockerGrid" finished-at="2024-10-08T08:48:17 IST" duration-ms="15074" status="PASS">
          <reporter-output>
          </reporter-output>
        </test-method> <!-- startDockerGrid -->
        <test-method is-config="true" signature="stopDockerGrid()[pri:0, instance:docker.Setup_DockerGrid@3d51f06e]" started-at="2024-10-08T08:48:26 IST" name="stopDockerGrid" finished-at="2024-10-08T08:48:31 IST" duration-ms="5146" status="PASS">
          <reporter-output>
          </reporter-output>
        </test-method> <!-- stopDockerGrid -->
      </class> <!-- docker.Setup_DockerGrid -->
      <class name="docker.FirefoxTest4">
        <test-method signature="test()[pri:0, instance:docker.FirefoxTest4@7193666c]" started-at="2024-10-08T08:48:17 IST" name="test" finished-at="2024-10-08T08:48:26 IST" duration-ms="8526" status="PASS">
          <reporter-output>
          </reporter-output>
        </test-method> <!-- test -->
      </class> <!-- docker.FirefoxTest4 -->
    </test> <!-- Test -->
  </suite> <!-- Suite -->
</testng-results>
