<?xml version="1.0" encoding="UTF-8"?>
<testng-results ignored="0" total="4" passed="4" failed="0" skipped="0">
  <reporter-output>
  </reporter-output>
  <suite started-at="2024-10-07T12:24:20 IST" name="Suite" finished-at="2024-10-07T12:24:35 IST" duration-ms="15194">
    <groups>
    </groups>
    <test started-at="2024-10-07T12:24:20 IST" name="Test" finished-at="2024-10-07T12:24:35 IST" duration-ms="15194">
      <class name="docker.ChromeTest1">
        <test-method signature="test()[pri:0, instance:docker.ChromeTest1@58d75e99]" started-at="2024-10-07T12:24:20 IST" name="test" finished-at="2024-10-07T12:24:31 IST" duration-ms="11324" status="PASS">
          <reporter-output>
          </reporter-output>
        </test-method> <!-- test -->
      </class> <!-- docker.ChromeTest1 -->
      <class name="docker.ChromeTest3">
        <test-method signature="test()[pri:0, instance:docker.ChromeTest3@74751b3]" started-at="2024-10-07T12:24:20 IST" name="test" finished-at="2024-10-07T12:24:35 IST" duration-ms="15138" status="PASS">
          <reporter-output>
          </reporter-output>
        </test-method> <!-- test -->
      </class> <!-- docker.ChromeTest3 -->
      <class name="docker.FirefoxTest4">
        <test-method signature="test()[pri:0, instance:docker.FirefoxTest4@6283d8b8]" started-at="2024-10-07T12:24:20 IST" name="test" finished-at="2024-10-07T12:24:30 IST" duration-ms="9829" status="PASS">
          <reporter-output>
          </reporter-output>
        </test-method> <!-- test -->
      </class> <!-- docker.FirefoxTest4 -->
      <class name="docker.ChromeTest2">
        <test-method signature="test()[pri:0, instance:docker.ChromeTest2@741a8937]" started-at="2024-10-07T12:24:20 IST" name="test" finished-at="2024-10-07T12:24:26 IST" duration-ms="6340" status="PASS">
          <reporter-output>
          </reporter-output>
        </test-method> <!-- test -->
      </class> <!-- docker.ChromeTest2 -->
    </test> <!-- Test -->
  </suite> <!-- Suite -->
</testng-results>
